# JRE version: OpenJDK Runtime Environment (11.0.13) (build 11.0.13+0-b1751.21-8125866)
# Java VM: OpenJDK 64-Bit Server VM (11.0.13+0-b1751.21-8125866, mixed mode, tiered, compressed oops, g1 gc, windows-amd64)
Heap:
 garbage-first heap   total 284672K, used 116736K [0x0000000080000000, 0x0000000100000000)
  region size 1024K, 3 young (3072K), 2 survivors (2048K)
 Metaspace       used 115399K, capacity 118751K, committed 118976K, reserved 1153024K
  class space    used 15012K, capacity 16307K, committed 16416K, reserved 1048576K
GC Heap History (20 events):
Event: 8.456 GC heap after
{Heap after GC invocations=12 (full 0):
 garbage-first heap   total 236544K, used 53166K [0x0000000080000000, 0x0000000100000000)
  region size 1024K, 4 young (4096K), 4 survivors (4096K)
 Metaspace       used 59001K, capacity 60483K, committed 60508K, reserved 1101824K
  class space    used 7433K, capacity 7964K, committed 7968K, reserved 1048576K
}
Event: 9.727 GC heap before
{Heap before GC invocations=13 (full 0):
 garbage-first heap   total 236544K, used 164782K [0x0000000080000000, 0x0000000100000000)
  region size 1024K, 106 young (108544K), 4 survivors (4096K)
 Metaspace       used 67641K, capacity 69206K, committed 69440K, reserved 1110016K
  class space    used 8503K, capacity 9103K, committed 9120K, reserved 1048576K
}
Event: 9.742 GC heap after
{Heap after GC invocations=14 (full 0):
 garbage-first heap   total 236544K, used 59816K [0x0000000080000000, 0x0000000100000000)
  region size 1024K, 11 young (11264K), 11 survivors (11264K)
 Metaspace       used 67641K, capacity 69206K, committed 69440K, reserved 1110016K
  class space    used 8503K, capacity 9103K, committed 9120K, reserved 1048576K
}
Event: 11.343 GC heap before
{Heap before GC invocations=15 (full 0):
 garbage-first heap   total 236544K, used 165288K [0x0000000080000000, 0x0000000100000000)
  region size 1024K, 114 young (116736K), 11 survivors (11264K)
 Metaspace       used 74519K, capacity 76112K, committed 76224K, reserved 1116160K
  class space    used 9558K, capacity 10179K, committed 10272K, reserved 1048576K
}
Event: 11.363 GC heap after
{Heap after GC invocations=16 (full 0):
 garbage-first heap   total 236544K, used 67139K [0x0000000080000000, 0x0000000100000000)
  region size 1024K, 15 young (15360K), 15 survivors (15360K)
 Metaspace       used 74519K, capacity 76112K, committed 76224K, reserved 1116160K
  class space    used 9558K, capacity 10179K, committed 10272K, reserved 1048576K
}
Event: 12.995 GC heap before
{Heap before GC invocations=16 (full 0):
 garbage-first heap   total 236544K, used 172611K [0x0000000080000000, 0x0000000100000000)
  region size 1024K, 118 young (120832K), 15 survivors (15360K)
 Metaspace       used 84473K, capacity 86417K, committed 86592K, reserved 1124352K
  class space    used 10957K, capacity 11679K, committed 11680K, reserved 1048576K
}
Event: 13.015 GC heap after
{Heap after GC invocations=17 (full 0):
 garbage-first heap   total 284672K, used 74240K [0x0000000080000000, 0x0000000100000000)
  region size 1024K, 15 young (15360K), 15 survivors (15360K)
 Metaspace       used 84473K, capacity 86417K, committed 86592K, reserved 1124352K
  class space    used 10957K, capacity 11679K, committed 11680K, reserved 1048576K
}
Event: 14.986 GC heap before
{Heap before GC invocations=17 (full 0):
 garbage-first heap   total 284672K, used 204288K [0x0000000080000000, 0x0000000100000000)
  region size 1024K, 143 young (146432K), 15 survivors (15360K)
 Metaspace       used 87373K, capacity 89493K, committed 89664K, reserved 1126400K
  class space    used 11304K, capacity 12109K, committed 12192K, reserved 1048576K
}
Event: 15.010 GC heap after
{Heap after GC invocations=18 (full 0):
 garbage-first heap   total 284672K, used 84992K [0x0000000080000000, 0x0000000100000000)
  region size 1024K, 18 young (18432K), 18 survivors (18432K)
 Metaspace       used 87373K, capacity 89493K, committed 89664K, reserved 1126400K
  class space    used 11304K, capacity 12109K, committed 12192K, reserved 1048576K
}
Event: 16.396 GC heap before
{Heap before GC invocations=18 (full 0):
 garbage-first heap   total 284672K, used 211968K [0x0000000080000000, 0x0000000100000000)
  region size 1024K, 143 young (146432K), 18 survivors (18432K)
 Metaspace       used 93365K, capacity 95432K, committed 95552K, reserved 1132544K
  class space    used 12027K, capacity 12859K, committed 12960K, reserved 1048576K
}
Event: 16.426 GC heap after
{Heap after GC invocations=19 (full 0):
 garbage-first heap   total 284672K, used 91795K [0x0000000080000000, 0x0000000100000000)
  region size 1024K, 9 young (9216K), 9 survivors (9216K)
 Metaspace       used 93365K, capacity 95432K, committed 95552K, reserved 1132544K
  class space    used 12027K, capacity 12859K, committed 12960K, reserved 1048576K
}
Event: 2524.598 GC heap before
{Heap before GC invocations=19 (full 0):
 garbage-first heap   total 284672K, used 216723K [0x0000000080000000, 0x0000000100000000)
  region size 1024K, 132 young (135168K), 9 survivors (9216K)
 Metaspace       used 95582K, capacity 97878K, committed 97984K, reserved 1134592K
  class space    used 12171K, capacity 13034K, committed 13088K, reserved 1048576K
}
Event: 2524.621 GC heap after
{Heap after GC invocations=20 (full 0):
 garbage-first heap   total 284672K, used 98940K [0x0000000080000000, 0x0000000100000000)
  region size 1024K, 16 young (16384K), 16 survivors (16384K)
 Metaspace       used 95582K, capacity 97878K, committed 97984K, reserved 1134592K
  class space    used 12171K, capacity 13034K, committed 13088K, reserved 1048576K
}
Event: 2543.052 GC heap before
{Heap before GC invocations=20 (full 0):
 garbage-first heap   total 284672K, used 220796K [0x0000000080000000, 0x0000000100000000)
  region size 1024K, 136 young (139264K), 16 survivors (16384K)
 Metaspace       used 111434K, capacity 114585K, committed 114752K, reserved 1148928K
  class space    used 14441K, capacity 15681K, committed 15776K, reserved 1048576K
}
Event: 2543.083 GC heap after
{Heap after GC invocations=21 (full 0):
 garbage-first heap   total 284672K, used 105984K [0x0000000080000000, 0x0000000100000000)
  region size 1024K, 16 young (16384K), 16 survivors (16384K)
 Metaspace       used 111434K, capacity 114585K, committed 114752K, reserved 1148928K
  class space    used 14441K, capacity 15681K, committed 15776K, reserved 1048576K
}
Event: 2543.231 GC heap before
{Heap before GC invocations=21 (full 0):
 garbage-first heap   total 284672K, used 112128K [0x0000000080000000, 0x0000000100000000)
  region size 1024K, 23 young (23552K), 16 survivors (16384K)
 Metaspace       used 112312K, capacity 115531K, committed 115648K, reserved 1148928K
  class space    used 14602K, capacity 15840K, committed 15904K, reserved 1048576K
}
Event: 2543.266 GC heap after
{Heap after GC invocations=22 (full 0):
 garbage-first heap   total 284672K, used 106918K [0x0000000080000000, 0x0000000100000000)
  region size 1024K, 9 young (9216K), 9 survivors (9216K)
 Metaspace       used 112312K, capacity 115531K, committed 115648K, reserved 1148928K
  class space    used 14602K, capacity 15840K, committed 15904K, reserved 1048576K
}
Event: 4496.704 GC heap before
{Heap before GC invocations=23 (full 0):
 garbage-first heap   total 284672K, used 240038K [0x0000000080000000, 0x0000000100000000)
  region size 1024K, 129 young (132096K), 9 survivors (9216K)
 Metaspace       used 115395K, capacity 118751K, committed 118976K, reserved 1153024K
  class space    used 15012K, capacity 16307K, committed 16416K, reserved 1048576K
}
Event: 4496.728 GC heap after
{Heap after GC invocations=24 (full 0):
 garbage-first heap   total 284672K, used 115712K [0x0000000080000000, 0x0000000100000000)
  region size 1024K, 17 young (17408K), 17 survivors (17408K)
 Metaspace       used 115395K, capacity 118751K, committed 118976K, reserved 1153024K
  class space    used 15012K, capacity 16307K, committed 16416K, reserved 1048576K
}
Event: 4496.752 GC heap before
{Heap before GC invocations=24 (full 0):
 garbage-first heap   total 284672K, used 116736K [0x0000000080000000, 0x0000000100000000)
  region size 1024K, 18 young (18432K), 17 survivors (17408K)
 Metaspace       used 115399K, capacity 118751K, committed 118976K, reserved 1153024K
  class space    used 15012K, capacity 16307K, committed 16416K, reserved 1048576K
}

